#
# There is insufficient memory for the Java Runtime Environment to continue.
# Native memory allocation (mmap) failed to map 132120576 bytes for G1 virtual space
# Possible reasons:
#   The system is out of physical RAM or swap space
#   The process is running with CompressedOops enabled, and the Java Heap may be blocking the growth of the native heap
# Possible solutions:
#   Reduce memory load on the system
#   Increase physical memory or swap space
#   Check if swap backing store is full
#   Decrease Java heap size (-Xmx/-Xms)
#   Decrease number of Java threads
#   Decrease Java thread stack sizes (-Xss)
#   Set larger code cache with -XX:ReservedCodeCacheSize=
#   JVM is running with Unscaled Compressed Oops mode in which the Java heap is
#     placed in the first 4GB address space. The Java Heap base address is the
#     maximum limit for the native heap growth. Please use -XX:HeapBaseMinAddress
#     to set the Java Heap base and to place the Java Heap above 4GB virtual address.
# This output file may be truncated or incomplete.
#
#  Out of Memory Error (os_windows.cpp:3548), pid=10560, tid=10724
#
# JRE version:  (17.0.12+8) (build )
# Java VM: Java HotSpot(TM) 64-Bit Server VM (17.0.12+8-LTS-286, mixed mode, sharing, tiered, compressed oops, compressed class ptrs, g1 gc, windows-amd64)
# No core dump will be written. Minidumps are not enabled by default on client versions of Windows
#

---------------  S U M M A R Y ------------

Command Line: -Dclassworlds.conf=C:\Users\Andrea\.m2\wrapper\dists\apache-maven-3.9.9\977a63e90f436cd6ade95b4c0e10c20c\bin\m2.conf -Dmaven.home=C:\Users\Andrea\.m2\wrapper\dists\apache-maven-3.9.9\977a63e90f436cd6ade95b4c0e10c20c -Dlibrary.jansi.path=C:\Users\Andrea\.m2\wrapper\dists\apache-maven-3.9.9\977a63e90f436cd6ade95b4c0e10c20c\lib\jansi-native -Dmaven.multiModuleProjectDirectory=C:\Users\Andrea\Documents\DUOC ANALISTA PROGRAMADOR\013 BACKEND 2\SEMANA 04 BACKEND 2\Sem4_BE org.codehaus.plexus.classworlds.launcher.Launcher test

Host: Intel(R) Core(TM) i7-8550U CPU @ 1.80GHz, 8 cores, 7G,  Windows 11 , 64 bit Build 26100 (10.0.26100.7309)
Time: Mon Jun 22 12:15:46 2026 Hora est. Sudam廨ica Pac璗ico elapsed time: 0.049827 seconds (0d 0h 0m 0s)

---------------  T H R E A D  ---------------

Current thread (0x00000212bf1639a0):  JavaThread "Unknown thread" [_thread_in_vm, id=10724, stack(0x000000e005b00000,0x000000e005c00000)]

Stack: [0x000000e005b00000,0x000000e005c00000]
Native frames: (J=compiled Java code, j=interpreted, Vv=VM code, C=native code)
V  [jvm.dll+0x67a04a]
V  [jvm.dll+0x7da4ed]
V  [jvm.dll+0x7dbe33]
V  [jvm.dll+0x7dc4a3]
V  [jvm.dll+0x24508f]
V  [jvm.dll+0x677089]
V  [jvm.dll+0x66bd32]
V  [jvm.dll+0x301fa6]
V  [jvm.dll+0x309546]
V  [jvm.dll+0x359d2e]
V  [jvm.dll+0x359f5f]
V  [jvm.dll+0x2d9078]
V  [jvm.dll+0x2d9fe4]
V  [jvm.dll+0x7aca21]
V  [jvm.dll+0x367591]
V  [jvm.dll+0x78b999]
V  [jvm.dll+0x3ec83f]
V  [jvm.dll+0x3ee471]
C  [jli.dll+0x5297]
C  [ucrtbase.dll+0x37b0]
C  [KERNEL32.DLL+0x2e8d7]
C  [ntdll.dll+0x8c53c]


---------------  P R O C E S S  ---------------

Threads class SMR info:
_java_thread_list=0x00007ffb21587a18, length=0, elements={
}

Java Threads: ( => current thread )

Other Threads:
  0x00000212bf1c1370 GCTaskThread "GC Thread#0" [stack: 0x000000e005c00000,0x000000e005d00000] [id=12160]
  0x00000212bf1d3b60 ConcurrentGCThread "G1 Main Marker" [stack: 0x000000e005d00000,0x000000e005e00000] [id=10820]
  0x00000212bf1d5d20 ConcurrentGCThread "G1 Conc#0" [stack: 0x000000e005e00000,0x000000e005f00000] [id=18796]

[error occurred during error reporting (printing all threads), id 0xc0000005, EXCEPTION_ACCESS_VIOLATION (0xc0000005) at pc=0x00007ffb20db9b67]

VM state: not at safepoint (not fully initialized)

VM Mutex/Monitor currently owned by a thread:  ([mutex/lock_event])
[0x00000212bf160450] Heap_lock - owner thread: 0x00000212bf1639a0

Heap address: 0x0000000082200000, size: 2014 MB, Compressed Oops mode: 32-bit

CDS archive(s) mapped at: [0x0000000000000000-0x0000000000000000-0x0000000000000000), size 0, SharedBaseAddress: 0x0000000800000000, ArchiveRelocationMode: 1.
Narrow klass base: 0x0000000000000000, Narrow klass shift: 0, Narrow klass range: 0x0

GC Precious Log:
<Empty>

Heap:
 garbage-first heap   total 0K, used 0K [0x0000000082200000, 0x0000000100000000)
  region size 1024K, 0 young (0K), 0 survivors (0K)

[error occurred during error reporting (printing heap information), id 0xc0000005, EXCEPTION_ACCESS_VIOLATION (0xc0000005) at pc=0x00007ffb211a3859]

GC Heap History (0 events):
No events

Deoptimization events (0 events):
No events

Classes unloaded (0 events):
No events

Classes redefined (0 events):
No events

Internal exceptions (0 events):
No events

VM Operations (0 events):
No events

Events (1 events):
Event: 0.022 Loaded shared library C:\Program Files\Java\jdk-17\bin\java.dll


Dynamic libraries:
0x00007ff6c6200000 - 0x00007ff6c6210000 	C:\Program Files\Java\jdk-17\bin\java.exe
0x00007ffbd2c20000 - 0x00007ffbd2e87000 	C:\WINDOWS\SYSTEM32\ntdll.dll
0x00007ffbd1e60000 - 0x00007ffbd1f29000 	C:\WINDOWS\System32\KERNEL32.DLL
0x00007ffbcfe60000 - 0x00007ffbd024f000 	C:\WINDOWS\System32\KERNELBASE.dll
0x00007ffbd07e0000 - 0x00007ffbd092b000 	C:\WINDOWS\System32\ucrtbase.dll
0x00007ffbab0d0000 - 0x00007ffbab0e9000 	C:\Program Files\Java\jdk-17\bin\jli.dll
0x00007ffba51e0000 - 0x00007ffba51fb000 	C:\Program Files\Java\jdk-17\bin\VCRUNTIME140.dll
0x00007ffbd20b0000 - 0x00007ffbd2164000 	C:\WINDOWS\System32\ADVAPI32.dll
0x00007ffbd23b0000 - 0x00007ffbd2459000 	C:\WINDOWS\System32\msvcrt.dll
0x00007ffbd2300000 - 0x00007ffbd23a6000 	C:\WINDOWS\System32\sechost.dll
0x00007ffbd1b50000 - 0x00007ffbd1c68000 	C:\WINDOWS\System32\RPCRT4.dll
0x00007ffbd1c90000 - 0x00007ffbd1e55000 	C:\WINDOWS\System32\USER32.dll
0x00007ffbcfe30000 - 0x00007ffbcfe57000 	C:\WINDOWS\System32\win32u.dll
0x00007ffbbbb10000 - 0x00007ffbbbda3000 	C:\WINDOWS\WinSxS\amd64_microsoft.windows.common-controls_6595b64144ccf1df_6.0.26100.7309_none_3e05feeae336a044\COMCTL32.dll
0x00007ffbd09e0000 - 0x00007ffbd0a0b000 	C:\WINDOWS\System32\GDI32.dll
0x00007ffbd0310000 - 0x00007ffbd043c000 	C:\WINDOWS\System32\gdi32full.dll
0x00007ffbd05b0000 - 0x00007ffbd0653000 	C:\WINDOWS\System32\msvcp_win.dll
0x00007ffbc31d0000 - 0x00007ffbc31db000 	C:\WINDOWS\SYSTEM32\VERSION.dll
0x00007ffbd0dd0000 - 0x00007ffbd0e01000 	C:\WINDOWS\System32\IMM32.DLL
0x00007ffbab0c0000 - 0x00007ffbab0cc000 	C:\Program Files\Java\jdk-17\bin\vcruntime140_1.dll
0x00007ffb76450000 - 0x00007ffb764de000 	C:\Program Files\Java\jdk-17\bin\msvcp140.dll
0x00007ffb20ad0000 - 0x00007ffb216b0000 	C:\Program Files\Java\jdk-17\bin\server\jvm.dll
0x00007ffbd1f30000 - 0x00007ffbd1f38000 	C:\WINDOWS\System32\PSAPI.DLL
0x00007ffbbde90000 - 0x00007ffbbde9a000 	C:\WINDOWS\SYSTEM32\WSOCK32.dll
0x00007ffbd2170000 - 0x00007ffbd21e4000 	C:\WINDOWS\System32\WS2_32.dll
0x00007ffbbf530000 - 0x00007ffbbf565000 	C:\WINDOWS\SYSTEM32\WINMM.dll
0x00007ffbceb20000 - 0x00007ffbceb3b000 	C:\WINDOWS\SYSTEM32\kernel.appcore.dll
0x00007ffba51d0000 - 0x00007ffba51da000 	C:\Program Files\Java\jdk-17\bin\jimage.dll
0x00007ffbccf00000 - 0x00007ffbcd142000 	C:\WINDOWS\SYSTEM32\DBGHELP.DLL
0x00007ffbd0a10000 - 0x00007ffbd0d95000 	C:\WINDOWS\System32\combase.dll
0x00007ffbd0e90000 - 0x00007ffbd0f66000 	C:\WINDOWS\System32\OLEAUT32.dll
0x00007ffbb99a0000 - 0x00007ffbb99dc000 	C:\WINDOWS\SYSTEM32\dbgcore.DLL
0x00007ffbd0260000 - 0x00007ffbd0305000 	C:\WINDOWS\System32\bcryptPrimitives.dll
0x00007ffb93140000 - 0x00007ffb93165000 	C:\Program Files\Java\jdk-17\bin\java.dll

dbghelp: loaded successfully - version: 4.0.5 - missing functions: none
symbol engine: initialized successfully - sym options: 0x614 - pdb path: .;C:\Program Files\Java\jdk-17\bin;C:\WINDOWS\SYSTEM32;C:\WINDOWS\WinSxS\amd64_microsoft.windows.common-controls_6595b64144ccf1df_6.0.26100.7309_none_3e05feeae336a044;C:\Program Files\Java\jdk-17\bin\server

VM Arguments:
jvm_args: -Dclassworlds.conf=C:\Users\Andrea\.m2\wrapper\dists\apache-maven-3.9.9\977a63e90f436cd6ade95b4c0e10c20c\bin\m2.conf -Dmaven.home=C:\Users\Andrea\.m2\wrapper\dists\apache-maven-3.9.9\977a63e90f436cd6ade95b4c0e10c20c -Dlibrary.jansi.path=C:\Users\Andrea\.m2\wrapper\dists\apache-maven-3.9.9\977a63e90f436cd6ade95b4c0e10c20c\lib\jansi-native -Dmaven.multiModuleProjectDirectory=C:\Users\Andrea\Documents\DUOC ANALISTA PROGRAMADOR\013 BACKEND 2\SEMANA 04 BACKEND 2\Sem4_BE 
java_command: org.codehaus.plexus.classworlds.launcher.Launcher test
java_class_path (initial): C:\Users\Andrea\.m2\wrapper\dists\apache-maven-3.9.9\977a63e90f436cd6ade95b4c0e10c20c\boot\plexus-classworlds-2.8.0.jar
Launcher Type: SUN_STANDARD

[Global flags]
     intx CICompilerCount                          = 4                                         {product} {ergonomic}
     uint ConcGCThreads                            = 2                                         {product} {ergonomic}
     uint G1ConcRefinementThreads                  = 8                                         {product} {ergonomic}
   size_t G1HeapRegionSize                         = 1048576                                   {product} {ergonomic}
    uintx GCDrainStackTargetSize                   = 64                                        {product} {ergonomic}
   size_t InitialHeapSize                          = 132120576                                 {product} {ergonomic}
   size_t MarkStackSize                            = 4194304                                   {product} {ergonomic}
   size_t MaxHeapSize                              = 2111832064                                {product} {ergonomic}
   size_t MinHeapDeltaBytes                        = 1048576                                   {product} {ergonomic}
   size_t MinHeapSize                              = 8388608                                   {product} {ergonomic}
    uintx NonNMethodCodeHeapSize                   = 5839372                                {pd product} {ergonomic}
    uintx NonProfiledCodeHeapSize                  = 122909434                              {pd product} {ergonomic}
    uintx ProfiledCodeHeapSize                     = 122909434                              {pd product} {ergonomic}
    uintx ReservedCodeCacheSize                    = 251658240                              {pd product} {ergonomic}
     bool SegmentedCodeCache                       = true                                      {product} {ergonomic}
   size_t SoftMaxHeapSize                          = 2111832064                             {manageable} {ergonomic}
     bool UseCompressedClassPointers               = true                           {product lp64_product} {ergonomic}
     bool UseCompressedOops                        = true                           {product lp64_product} {ergonomic}
     bool UseG1GC                                  = true                                      {product} {ergonomic}
     bool UseLargePagesIndividualAllocation        = false                                  {pd product} {ergonomic}

Logging:
Log output configuration:
 #0: stdout all=warning uptime,level,tags
 #1: stderr all=off uptime,level,tags

Environment Variables:
JAVA_HOME=C:\Program Files\Java\jdk-17
PATH=C:\Program Files\WindowsApps\Microsoft.PowerShell_7.6.3.0_x64__8wekyb3d8bbwe;C:\Program Files\Java\jdk-17\bin;C:\Windows\system32;C:\Windows;C:\Windows\System32\Wbem;C:\Windows\System32\WindowsPowerShell\v1.0\;C:\Windows\System32\OpenSSH\;C:\Program Files (x86)\NVIDIA Corporation\PhysX\Common;C:\Program Files\NVIDIA Corporation\NVIDIA NvDLISR;C:\Program Files\Git\cmd;C:\WINDOWS\system32;C:\WINDOWS;C:\WINDOWS\System32\Wbem;C:\WINDOWS\System32\WindowsPowerShell\v1.0\;C:\WINDOWS\System32\OpenSSH\;C:\Program Files\nodejs\;C:\Program Files\Maven\maven-mvnd-1.0.2-windows-amd64\maven-mvnd-1.0.2-windows-amd64\mvn\bin;C:\ProgramData\chocolatey\bin;C:\minikube;C:\Program Files\Oracle\VirtualBox\;C:\chromedriver-win64;C:\Program Files\dotnet\;C:\terraform_1.12.2_windows_amd64;C:\Program Files\Amazon\AWSCLIV2\;C:\Program Files\MySQL\MySQL Shell 8.0\bin\;C:\Program Files\Java\jdk-17\bin;C:\Users\Andrea\AppData\Local\Programs\Python\Python313\Scripts\;C:\Users\Andrea\AppData\Local\Programs\Python\Python313\;C:\Users\Andrea\AppData\Local\Programs\Python\Launcher\;C:\Users\Andrea\AppData\Local\Microsoft\WindowsApps;C:\Users\Andrea\AppData\Local\Programs\Microsoft VS Code\bin;C:\Users\Andrea\AppData\Roaming\npm;C:\Program Files\JetBrains\IntelliJ IDEA Community Edition 2024.3.5\bin;;C:\Users\Andrea\AppData\Local\Programs\Kiro\bin;c:\Users\Andrea\.kiro\extensions\vscjava.vscode-java-debug-0.59.0-universal\bundled\scripts\noConfigScripts
USERNAME=Andrea
LANG=en_US.UTF-8
OS=Windows_NT
PROCESSOR_IDENTIFIER=Intel64 Family 6 Model 142 Stepping 10, GenuineIntel



---------------  S Y S T E M  ---------------

OS:
 Windows 11 , 64 bit Build 26100 (10.0.26100.7309)
OS uptime: 0 days 1:48 hours
Hyper-V role detected

CPU: total 8 (initial active 8) (4 cores per cpu, 2 threads per core) family 6 model 142 stepping 10 microcode 0xe0, cx8, cmov, fxsr, ht, mmx, 3dnowpref, sse, sse2, sse3, ssse3, sse4.1, sse4.2, popcnt, lzcnt, tsc, tscinvbit, avx, avx2, aes, erms, clmul, bmi1, bmi2, adx, fma, vzeroupper, clflush, clflushopt, hv

Memory: 4k page, system-wide physical 8052M (1021M free)
TotalPageFile size 14954M (AvailPageFile size 75M)
current process WorkingSet (physical memory assigned to process): 12M, peak: 12M
current process commit charge ("private bytes"): 60M, peak: 186M

vm_info: Java HotSpot(TM) 64-Bit Server VM (17.0.12+8-LTS-286) for windows-amd64 JRE (17.0.12+8-LTS-286), built on Jun  5 2024 06:46:59 by "mach5one" with MS VC++ 17.6 (VS2022)

END.
